2025-05-25 12:02:32,216 - __main__ - INFO - 启动图书管理系统
2025-05-25 12:02:32,390 - core.user - INFO - 成功加载 2 个用户
2025-05-25 12:02:40,656 - core.user - INFO - 用户 user 登录成功
2025-05-25 12:02:40,658 - core.user - INFO - 成功加载 2 个用户
2025-05-25 12:02:40,659 - core.book - INFO - 成功加载 1 本图书
2025-05-25 12:02:40,659 - core.borrow - INFO - 成功加载 1 条借阅记录
2025-05-25 12:02:45,960 - core.book - INFO - 图书数据保存成功
2025-05-25 12:02:45,960 - core.book - INFO - 成功更新图书: Math
2025-05-25 12:02:45,960 - core.borrow - INFO - 借阅记录保存成功
2025-05-25 12:02:45,961 - core.borrow - INFO - 用户 user 成功借阅图书 Math
2025-05-25 12:02:55,676 - core.borrow - INFO - 借阅记录保存成功
2025-05-25 12:02:55,677 - core.book - INFO - 图书数据保存成功
2025-05-25 12:02:55,677 - core.book - INFO - 成功更新图书: Math
2025-05-25 12:02:55,677 - core.borrow - INFO - 用户 user 成功归还图书 Math
2025-05-25 12:03:54,061 - __main__ - INFO - 启动图书管理系统
2025-05-25 12:03:54,210 - core.user - INFO - 成功加载 2 个用户
2025-05-25 12:03:59,959 - core.user - INFO - 用户 user 登录成功
2025-05-25 12:03:59,960 - core.user - INFO - 成功加载 2 个用户
2025-05-25 12:03:59,961 - core.book - INFO - 成功加载 1 本图书
2025-05-25 12:03:59,961 - core.borrow - INFO - 成功加载 2 条借阅记录
2025-05-25 22:08:35,061 - __main__ - INFO - 启动图书管理系统
2025-05-25 22:08:35,101 - core.user - INFO - 成功加载 2 个用户
2025-05-25 22:08:46,209 - core.user - WARNING - 登录失败: 用户名或密码错误
2025-05-25 22:09:01,035 - core.user - WARNING - 登录失败: 用户名或密码错误
2025-05-25 22:09:11,588 - core.user - INFO - 用户 admin 登录成功
2025-05-25 22:09:11,589 - core.user - INFO - 成功加载 2 个用户
2025-05-25 22:09:11,590 - core.book - INFO - 成功加载 1 本图书
2025-05-25 22:09:11,590 - core.borrow - INFO - 成功加载 2 条借阅记录
2025-05-27 15:55:40,690 - __main__ - INFO - 启动图书管理系统
2025-05-27 15:55:40,739 - core.user - INFO - 成功加载 2 个用户
2025-05-27 15:55:51,286 - core.user - INFO - 用户 admin 登录成功
2025-05-27 15:55:51,287 - core.user - INFO - 成功加载 2 个用户
2025-05-27 15:55:51,287 - core.book - INFO - 成功加载 1 本图书
2025-05-27 15:55:51,288 - core.borrow - INFO - 成功加载 2 条借阅记录
2025-05-27 16:09:10,219 - __main__ - INFO - 启动图书管理系统
2025-05-27 16:09:10,235 - core.user - INFO - 成功加载 2 个用户
2025-05-27 16:09:18,726 - core.user - INFO - 用户 admin 登录成功
2025-05-27 16:09:18,727 - core.user - INFO - 成功加载 2 个用户
2025-05-27 16:09:18,727 - core.book - INFO - 成功加载 1 本图书
2025-05-27 16:09:18,728 - core.borrow - INFO - 成功加载 2 条借阅记录
2025-05-27 16:11:17,012 - __main__ - INFO - 启动图书管理系统
2025-05-27 16:11:17,027 - core.user - INFO - 成功加载 2 个用户
2025-05-27 16:11:26,322 - core.user - INFO - 用户 admin 登录成功
2025-05-27 16:11:26,323 - core.user - INFO - 成功加载 2 个用户
2025-05-27 16:11:26,323 - core.book - INFO - 成功加载 1 本图书
2025-05-27 16:11:26,324 - core.borrow - INFO - 成功加载 2 条借阅记录
2025-05-27 16:15:45,882 - __main__ - INFO - 启动图书管理系统
2025-05-27 16:15:45,913 - core.user - INFO - 成功加载 2 个用户
2025-05-27 16:15:55,622 - core.user - INFO - 用户 admin 登录成功
2025-05-27 16:15:55,622 - core.user - INFO - 成功加载 2 个用户
2025-05-27 16:15:55,623 - core.book - INFO - 成功加载 1 本图书
2025-05-27 16:15:55,623 - core.borrow - INFO - 成功加载 2 条借阅记录
